src/layers/implementations/GeoJsonLayer.ts(281,5): error TS2554: Expected 3 arguments, but got 1.
src/layers/implementations/GeoJsonLayer.ts(577,31): error TS2304: Cannot find name 'LinestringEntityDataPoint'.
src/layers/implementations/GeoJsonLayer.ts(578,28): error TS2304: Cannot find name 'PolygonEntityDataPoint'.
src/layers/implementations/GeoJsonLayer.ts(655,28): error TS2554: Expected 3 arguments, but got 1.
src/layers/implementations/GeoJsonLayer.ts(741,70): error TS2304: Cannot find name 'LinestringEntityDataPoint'.
src/layers/implementations/GeoJsonLayer.ts(773,67): error TS2304: Cannot find name 'PolygonEntityDataPoint'.
src/layers/implementations/GeoJsonLayer.ts(799,28): error TS2304: Cannot find name 'PolygonEntityDataPoint'.
src/layers/implementations/GeoJsonLayer.ts(842,10): error TS2304: Cannot find name 'PolygonEntityDataPoint'.
src/layers/implementations/GeoJsonLayer.ts(872,25): error TS2304: Cannot find name 'LinestringEntityDataPoint'.
src/layers/implementations/GeoJsonLayer.ts(873,22): error TS2304: Cannot find name 'PolygonEntityDataPoint'.
src/layers/implementations/LinestringLayer.ts(58,60): error TS2552: Cannot find name 'LinestringEntityDataPoint'. Did you mean 'LinestringEntityDataPointExtended'?
src/layers/implementations/LinestringLayer.ts(213,14): error TS2415: Class 'LinestringLayer' incorrectly extends base class 'BaseLayer<LinestringEntityDataPointExtended>'.
  Property 'triggerPerformanceOptimization' is private in type 'LinestringLayer' but not in type 'BaseLayer<LinestringEntityDataPointExtended>'.
src/layers/implementations/LinestringLayer.ts(213,14): error TS2515: Non-abstract class 'LinestringLayer' does not implement inherited abstract member 'getBounds' from class 'BaseLayer<LinestringEntityDataPointExtended>'.
src/layers/implementations/LinestringLayer.ts(213,14): error TS2515: Non-abstract class 'LinestringLayer' does not implement inherited abstract member 'initializeVisualChannels' from class 'BaseLayer<LinestringEntityDataPointExtended>'.
src/layers/implementations/LinestringLayer.ts(213,14): error TS2515: Non-abstract class 'LinestringLayer' does not implement inherited abstract member 'onClick' from class 'BaseLayer<LinestringEntityDataPointExtended>'.
src/layers/implementations/LinestringLayer.ts(213,14): error TS2515: Non-abstract class 'LinestringLayer' does not implement inherited abstract member 'onHover' from class 'BaseLayer<LinestringEntityDataPointExtended>'.
src/layers/implementations/LinestringLayer.ts(213,14): error TS2515: Non-abstract class 'LinestringLayer' does not implement inherited abstract member 'render' from class 'BaseLayer<LinestringEntityDataPointExtended>'.
src/layers/implementations/LinestringLayer.ts(213,48): error TS2344: Type 'LinestringEntityDataPointExtended' does not satisfy the constraint 'LayerData<Geometry>'.
  Type 'LinestringEntityDataPointExtended' is missing the following properties from type 'LayerData<Geometry>': geometry, properties
src/layers/implementations/LinestringLayer.ts(343,32): error TS2552: Cannot find name 'LinestringEntityDataPoint'. Did you mean 'LinestringEntityDataPointExtended'?
src/layers/implementations/LinestringLayer.ts(397,11): error TS2552: Cannot find name 'LinestringEntityDataPoint'. Did you mean 'LinestringEntityDataPointExtended'?
src/layers/implementations/LinestringLayer.ts(400,6): error TS2552: Cannot find name 'LinestringEntityDataPoint'. Did you mean 'LinestringEntityDataPointExtended'?
src/layers/implementations/LinestringLayer.ts(423,11): error TS2552: Cannot find name 'LinestringEntityDataPoint'. Did you mean 'LinestringEntityDataPointExtended'?
src/layers/implementations/LinestringLayer.ts(426,6): error TS2552: Cannot find name 'LinestringEntityDataPoint'. Did you mean 'LinestringEntityDataPointExtended'?
src/layers/implementations/LinestringLayer.ts(446,11): error TS2304: Cannot find name 'LinestringEntityDataPoint'.
src/layers/implementations/LinestringLayer.ts(449,6): error TS2304: Cannot find name 'LinestringEntityDataPoint'.
src/layers/implementations/LinestringLayer.ts(485,36): error TS2304: Cannot find name 'LinestringEntityDataPoint'.
src/layers/implementations/LinestringLayer.ts(485,63): error TS2352: Conversion of type '{ id: string; data: LinestringEntityDataPoint[]; getPath: (d: LinestringEntityDataPoint) => any; getWidth: (d: LinestringEntityDataPoint) => number; getColor: (d: LinestringEntityDataPoint) => Color; getDashArray: (d: LinestringEntityDataPoint) => [number, number] | null; pickable: true; autoHighlight: boolean; high...' to type 'PathLayerProps<LinestringEntityDataPoint>' may be a mistake because neither type sufficiently overlaps with the other. If this was intentional, convert the expression to 'unknown' first.
  Types of property 'getColor' are incompatible.
    Type '(d: LinestringEntityDataPoint) => Color' is not comparable to type 'Accessor<LinestringEntityDataPoint, RGBAColor> | undefined'.
      Type '(d: LinestringEntityDataPoint) => Color' is not comparable to type '(d: LinestringEntityDataPoint, info: { index: number; target: number[]; }) => RGBAColor'.
        Type 'Color' is not comparable to type 'RGBAColor'.
src/layers/implementations/LinestringLayer.ts(490,20): error TS2304: Cannot find name 'LinestringEntityDataPoint'.
src/layers/implementations/LinestringLayer.ts(493,21): error TS2304: Cannot find name 'LinestringEntityDataPoint'.
src/layers/implementations/LinestringLayer.ts(494,21): error TS2304: Cannot find name 'LinestringEntityDataPoint'.
src/layers/implementations/LinestringLayer.ts(497,25): error TS2304: Cannot find name 'LinestringEntityDataPoint'.
src/layers/implementations/LinestringLayer.ts(519,25): error TS2304: Cannot find name 'LinestringEntityDataPoint'.
src/layers/implementations/LinestringLayer.ts(521,5): error TS2740: Type 'PathLayer<any, PathLayerProps<any>>' is missing the following properties from type 'Layer<any>': id, props, context, state, and 10 more.
src/layers/implementations/LinestringLayer.ts(530,38): error TS2304: Cannot find name 'LinestringEntityDataPoint'.
src/layers/implementations/LinestringLayer.ts(553,41): error TS2304: Cannot find name 'LinestringEntityDataPoint'.
src/layers/implementations/LinestringLayer.ts(577,38): error TS2304: Cannot find name 'LinestringEntityDataPoint'.
src/layers/implementations/LinestringLayer.ts(591,30): error TS7053: Element implicitly has an 'any' type because expression of type '3' can't be used to index type 'Color'.
  Property '3' does not exist on type 'Color'.
src/layers/implementations/LinestringLayer.ts(593,12): error TS2352: Conversion of type 'any[]' to type 'Color' may be a mistake because neither type sufficiently overlaps with the other. If this was intentional, convert the expression to 'unknown' first.
  Type 'any[]' is missing the following properties from type 'Color': r, g, b
src/layers/implementations/LinestringLayer.ts(593,13): error TS7053: Element implicitly has an 'any' type because expression of type '0' can't be used to index type 'Color'.
  Property '0' does not exist on type 'Color'.
src/layers/implementations/LinestringLayer.ts(593,27): error TS7053: Element implicitly has an 'any' type because expression of type '1' can't be used to index type 'Color'.
  Property '1' does not exist on type 'Color'.
src/layers/implementations/LinestringLayer.ts(593,41): error TS7053: Element implicitly has an 'any' type because expression of type '2' can't be used to index type 'Color'.
  Property '2' does not exist on type 'Color'.
src/layers/implementations/LinestringLayer.ts(599,32): error TS2304: Cannot find name 'LinestringEntityDataPoint'.
src/layers/implementations/LinestringLayer.ts(661,9): error TS2322: Type '{ path: any; confidence: any; metadata: any; id: string; width?: number | undefined; color?: Color | undefined; dashArray?: [number, number] | undefined; showArrows?: boolean | undefined; ... 4 more ...; bidirectional?: boolean | undefined; }' is not assignable to type 'LinestringEntityDataPointExtended'.
  Object literal may only specify known properties, and 'confidence' does not exist in type 'LinestringEntityDataPointExtended'.
src/layers/implementations/LinestringLayer.ts(1047,9): error TS2739: Type 'number[]' is missing the following properties from type 'Color': r, g, b
src/layers/implementations/LinestringLayer.ts(1050,9): error TS2322: Type 'number[]' is not assignable to type 'Color'.
src/layers/implementations/LinestringLayer.ts(1051,9): error TS2322: Type 'number[]' is not assignable to type 'Color'.
src/layers/implementations/LinestringLayer.ts(1052,9): error TS2322: Type 'number[]' is not assignable to type 'Color'.
src/layers/implementations/LinestringLayer.ts(1053,9): error TS2322: Type 'number[]' is not assignable to type 'Color'.
src/layers/implementations/LinestringLayer.ts(1054,9): error TS2322: Type 'number[]' is not assignable to type 'Color'.
src/layers/implementations/PointLayer.ts(99,14): error TS2415: Class 'PointLayer' incorrectly extends base class 'BaseLayer<EntityDataPoint>'.
  Property 'invalidateCaches' is private in type 'PointLayer' but not in type 'BaseLayer<EntityDataPoint>'.
src/layers/implementations/PointLayer.ts(99,43): error TS2344: Type 'EntityDataPoint' does not satisfy the constraint 'LayerData<Geometry>'.
  Types of property 'hierarchy' are incompatible.
    Type '{ entityId: string; path: string | null; pathDepth: number; ancestors: string[]; descendants: string[]; } | undefined' is not assignable to type '{ ancestors: string[]; descendants: string[]; path: string; depth: number; } | undefined'.
src/layers/implementations/PointLayer.ts(121,7): error TS2322: Type 'number[]' is not assignable to type 'VisualChannelValue'.
src/layers/implementations/PointLayer.ts(281,12): error TS2339: Property 'recordRenderTime' does not exist on type 'PointLayer'.
src/layers/implementations/PointLayer.ts(284,9): error TS2322: Type '{ entities: EntityDataPoint[]; metadata: { totalEntities: number; visibleEntities: number; processingTime: number; cacheHitRate: number; confidenceScore: number; entityHierarchy: any; }; }' is not assignable to type 'LayerData<Geometry>'.
  Object literal may only specify known properties, and 'entities' does not exist in type 'LayerData<Geometry>'.
src/layers/implementations/PointLayer.ts(295,57): error TS2345: Argument of type 'unknown' is not assignable to parameter of type 'Error'.
src/layers/implementations/PointLayer.ts(376,38): error TS2538: Type 'undefined' cannot be used as an index type.
src/layers/implementations/PointLayer.ts(380,12): error TS2678: Type '"color"' is not comparable to type '"categorical" | "quantitative" | "ordinal"'.
src/layers/implementations/PointLayer.ts(382,12): error TS2678: Type '"size"' is not comparable to type '"categorical" | "quantitative" | "ordinal"'.
src/layers/implementations/PointLayer.ts(384,12): error TS2678: Type '"opacity"' is not comparable to type '"categorical" | "quantitative" | "ordinal"'.
src/layers/implementations/PointLayer.ts(480,61): error TS2345: Argument of type 'unknown' is not assignable to parameter of type 'Error'.
src/layers/implementations/PointLayer.ts(487,39): error TS2304: Cannot find name 'WebSocketLayerMessage'.
src/layers/implementations/PointLayer.ts(512,40): error TS2304: Cannot find name 'WebSocketLayerMessage'.
src/layers/implementations/PointLayer.ts(541,47): error TS2304: Cannot find name 'WebSocketLayerMessage'.
src/layers/implementations/PointLayer.ts(586,24): error TS2551: Property 'getAuditTrail' does not exist on type 'PointLayer'. Did you mean 'auditTrail'?
src/layers/implementations/PointLayer.ts(595,17): error TS2774: This condition will always return true since this function is always defined. Did you mean to call it instead?
src/layers/implementations/PointLayer.ts(928,11): error TS2339: Property 'dispose' does not exist on type 'BaseLayer<EntityDataPoint>'.
src/layers/implementations/PolygonLayer.ts(34,57): error TS2304: Cannot find name 'PolygonEntityDataPoint'.
src/layers/implementations/PolygonLayer.ts(142,22): error TS2304: Cannot find name 'PolygonEntityDataPoint'.
src/layers/implementations/PolygonLayer.ts(143,22): error TS2304: Cannot find name 'PolygonEntityDataPoint'.
src/layers/implementations/PolygonLayer.ts(149,45): error TS2344: Type 'PolygonEntityDataPointExtended' does not satisfy the constraint 'LayerData<Geometry>'.
  Type 'PolygonEntityDataPointExtended' is missing the following properties from type 'LayerData<Geometry>': geometry, properties
src/layers/implementations/PolygonLayer.ts(160,11): error TS2416: Property 'cacheStats' in type 'PolygonLayer' is not assignable to the same property in base type 'BaseLayer<PolygonEntityDataPointExtended>'.
  Type '{ l1Hits: number; l2Hits: number; l3Hits: number; l4Hits: number; misses: number; }' is missing the following properties from type '{ hits: number; misses: number; ttlExpired: number; }': hits, ttlExpired
src/layers/implementations/PolygonLayer.ts(183,7): error TS2322: Type 'number[]' is not assignable to type 'VisualChannelValue'.
src/layers/implementations/PolygonLayer.ts(198,7): error TS2322: Type 'number[]' is not assignable to type 'VisualChannelValue'.
src/layers/implementations/PolygonLayer.ts(299,54): error TS2339: Property 'geometry' does not exist on type 'PolygonEntityDataPointExtended'.
src/layers/implementations/PolygonLayer.ts(310,40): error TS2304: Cannot find name 'PolygonEntityDataPoint'.
src/layers/implementations/PolygonLayer.ts(342,66): error TS2339: Property 'geometry' does not exist on type 'PolygonEntityDataPointExtended'.
src/layers/implementations/PolygonLayer.ts(365,32): error TS2304: Cannot find name 'PolygonEntityDataPoint'.
src/layers/implementations/PolygonLayer.ts(424,11): error TS2304: Cannot find name 'PolygonEntityDataPoint'.
src/layers/implementations/PolygonLayer.ts(426,6): error TS2304: Cannot find name 'PolygonEntityDataPoint'.
src/layers/implementations/PolygonLayer.ts(445,11): error TS2304: Cannot find name 'PolygonEntityDataPoint'.
src/layers/implementations/PolygonLayer.ts(447,6): error TS2304: Cannot find name 'PolygonEntityDataPoint'.
src/layers/implementations/PolygonLayer.ts(463,11): error TS2304: Cannot find name 'PolygonEntityDataPoint'.
src/layers/implementations/PolygonLayer.ts(465,6): error TS2304: Cannot find name 'PolygonEntityDataPoint'.
src/layers/implementations/PolygonLayer.ts(505,11): error TS2304: Cannot find name 'PolygonEntityDataPoint'.
src/layers/implementations/PolygonLayer.ts(507,6): error TS2304: Cannot find name 'PolygonEntityDataPoint'.
src/layers/implementations/PolygonLayer.ts(530,11): error TS2304: Cannot find name 'PolygonEntityDataPoint'.
src/layers/implementations/PolygonLayer.ts(532,6): error TS2304: Cannot find name 'PolygonEntityDataPoint'.
src/layers/implementations/PolygonLayer.ts(588,19): error TS2304: Cannot find name 'PolygonEntityDataPoint'.
src/layers/implementations/PolygonLayer.ts(589,29): error TS2304: Cannot find name 'PolygonEntityDataPoint'.
src/layers/implementations/PolygonLayer.ts(593,7): error TS2322: Type '(entity: PolygonEntityDataPoint) => number[][] | number[][][]' is not assignable to type 'Accessor<PolygonEntityDataPoint, Position[] | Position[][]>'.
  Type '(entity: PolygonEntityDataPoint) => number[][] | number[][][]' is not assignable to type '(d: PolygonEntityDataPoint, info: { index: number; target: number[]; }) => Position[] | Position[][]'.
    Type 'number[][] | number[][][]' is not assignable to type 'Position[] | Position[][]'.
      Type 'number[][]' is not assignable to type 'Position[] | Position[][]'.
        Type 'number[][]' is not assignable to type 'Position[]'.
          Type 'number[]' is not assignable to type 'Position'.
            Target requires 2 element(s) but source may have fewer.
src/layers/implementations/PolygonLayer.ts(593,28): error TS2304: Cannot find name 'PolygonEntityDataPoint'.
src/layers/implementations/PolygonLayer.ts(594,30): error TS2304: Cannot find name 'PolygonEntityDataPoint'.
src/layers/implementations/PolygonLayer.ts(595,30): error TS2304: Cannot find name 'PolygonEntityDataPoint'.
src/layers/implementations/PolygonLayer.ts(596,30): error TS2304: Cannot find name 'PolygonEntityDataPoint'.
src/layers/implementations/PolygonLayer.ts(597,30): error TS2304: Cannot find name 'PolygonEntityDataPoint'.
src/layers/implementations/PolygonLayer.ts(619,41): error TS2304: Cannot find name 'PolygonEntityDataPoint'.
src/layers/implementations/PolygonLayer.ts(631,32): error TS2304: Cannot find name 'PolygonEntityDataPoint'.
src/layers/implementations/PolygonLayer.ts(646,32): error TS2304: Cannot find name 'PolygonEntityDataPoint'.
src/layers/implementations/PolygonLayer.ts(653,32): error TS2304: Cannot find name 'PolygonEntityDataPoint'.
src/layers/implementations/PolygonLayer.ts(660,32): error TS2304: Cannot find name 'PolygonEntityDataPoint'.
src/layers/implementations/PolygonLayer.ts(679,66): error TS2339: Property 'geometry' does not exist on type 'PolygonEntityDataPointExtended'.
src/layers/implementations/PolygonLayer.ts(699,37): error TS2304: Cannot find name 'PolygonEntityDataPoint'.
src/layers/implementations/PolygonLayer.ts(719,37): error TS2304: Cannot find name 'PolygonEntityDataPoint'.
src/layers/implementations/PolygonLayer.ts(742,69): error TS2339: Property 'type' does not exist on type '{ layerId?: string | undefined; data?: any; config?: Partial<LayerConfig> | undefined; timestamp?: string | undefined; }'.
src/layers/implementations/PolygonLayer.ts(771,52): error TS2304: Cannot find name 'PolygonEntityDataPoint'.
src/layers/implementations/PolygonLayer.ts(803,14): error TS2339: Property 'geometry' does not exist on type 'PolygonEntityDataPointExtended'.
src/layers/implementations/PolygonLayer.ts(834,47): error TS2304: Cannot find name 'PolygonEntityDataPoint'.
src/layers/implementations/PolygonLayer.ts(860,37): error TS2304: Cannot find name 'PolygonEntityDataPoint'.
src/layers/implementations/PolygonLayer.ts(869,27): error TS7031: Binding element 'lng' implicitly has an 'any' type.
src/layers/implementations/PolygonLayer.ts(869,32): error TS7031: Binding element 'lat' implicitly has an 'any' type.
src/layers/implementations/PolygonLayer.ts(1017,9): error TS2304: Cannot find name 'PolygonEntityDataPoint'.
src/layers/registry/LayerRegistry.ts(73,5): error TS2322: Type 'number' is not assignable to type '10000'.
src/layers/registry/LayerRegistry.ts(576,11): error TS2739: Type '{ id: string; layer: BaseLayer<LayerData<Geometry>>; config: LayerConfig; created: Date; lastAccessed: Date; accessCount: number; }' is missing the following properties from type 'LayerInstance': cacheTier, performanceScore
src/layers/registry/LayerRegistry.ts(646,13): error TS2739: Type '{ mapV1Enabled: true; realTimeUpdates: true; performanceMode: "optimized"; layerTypes: { point: { enabled: true; rolloutPercentage: number; }; polygon: { enabled: true; rolloutPercentage: number; }; ... 6 more ...; imagery: { ...; }; }; }' is missing the following properties from type 'FeatureFlagConfig': enabled, rolloutPercentage
src/layers/registry/LayerRegistry.ts(667,7): error TS2739: Type '{ mapV1Enabled: true; realTimeUpdates: true; performanceMode: "standard"; }' is missing the following properties from type 'FeatureFlagConfig': enabled, rolloutPercentage, layerTypes
src/layers/registry/LayerRegistry.ts(696,9): error TS2322: Type '"layer_audit"' is not assignable to type '"error" | "layer_loaded" | "layer_updated" | "layer_removed" | "data_updated"'.
src/layers/registry/LayerRegistry.ts(704,11): error TS2393: Duplicate function implementation.
src/layers/registry/LayerRegistry.ts(961,11): error TS2393: Duplicate function implementation.
src/layers/registry/LayerRegistry.ts(1113,12): error TS2540: Cannot assign to 'cacheTTL' because it is a read-only property.
src/layers/registry/LayerRegistry.ts(1116,12): error TS2540: Cannot assign to 'cacheTTL' because it is a read-only property.
src/layers/types/layer-types.ts(10,23): error TS2305: Module '"../../types"' has no exported member 'EntityData'.
src/layers/types/layer-types.ts(10,35): error TS2724: '"../../types"' has no exported member named 'EntityId'. Did you mean 'Entity'?
src/layers/types/layer-types.ts(10,45): error TS2305: Module '"../../types"' has no exported member 'ConfidenceScore'.
src/layers/types/layer-types.ts(14,11): error TS2430: Interface 'BaseEntityDataPoint<G>' incorrectly extends interface 'LayerData<G>'.
  Types of property 'hierarchy' are incompatible.
    Type '{ entityId: string; path: string | null; pathDepth: number; ancestors: string[]; descendants: string[]; } | undefined' is not assignable to type '{ ancestors: string[]; descendants: string[]; path: string; depth: number; } | undefined'.
      Property 'depth' is missing in type '{ entityId: string; path: string | null; pathDepth: number; ancestors: string[]; descendants: string[]; }' but required in type '{ ancestors: string[]; descendants: string[]; path: string; depth: number; }'.
src/layers/types/layer-types.ts(169,3): error TS2411: Property 'conditional' of type '{ [conditionId: string]: string | number; } | undefined' is not assignable to 'string' index type 'string | number | undefined'.
src/layers/types/layer-types.ts(175,18): error TS2430: Interface 'EnhancedLayerConfig' incorrectly extends interface 'LayerConfig'.
  Types of property 'data' are incompatible.
    Type '{ id: string; label: string; fields: LayerField[]; }' is missing the following properties from type 'any[]': length, pop, push, concat, and 29 more.
src/layers/types/layer-types.ts(353,3): error TS2687: All declarations of 'sloCompliance' must have identical modifiers.
src/layers/types/layer-types.ts(602,34): error TS2339: Property 'security' does not exist on type 'EnhancedLayerConfig'.
src/layers/types/layer-types.ts(603,38): error TS2339: Property 'optimization' does not exist on type 'EnhancedLayerConfig'.
src/layers/types/layer-types.ts(704,3): error TS2322: Type '{ getPosition: ((entity: EntityDataPoint) => [any, any, any]) | ((entity: EntityDataPoint) => [number, number, (number | undefined)?]); getColor: VisualChannel; getSize: VisualChannel; ... 28 more ...; dataClassification?: "public" | ... 3 more ... | undefined; }' is not assignable to type 'LegacyPointLayerConfig'.
  Types of property 'data' are incompatible.
    Type '{ id: string; label: string; fields: LayerField[]; }' is not assignable to type 'any[]'.
src/layers/types/layer-types.ts(708,37): error TS18048: 'config.position' is possibly 'undefined'.
src/layers/types/layer-types.ts(709,37): error TS18048: 'config.position' is possibly 'undefined'.
src/layers/types/layer-types.ts(710,26): error TS18048: 'config.position' is possibly 'undefined'.
src/layers/types/layer-types.ts(710,69): error TS18048: 'config.position' is possibly 'undefined'.
src/layers/types/layer-types.ts(771,25): error TS2339: Property 'position' does not exist on type 'LayerData<Geometry>'.
src/layers/types/layer-types.ts(772,11): error TS2339: Property 'position' does not exist on type 'LayerData<Geometry>'.
src/layers/types/layer-types.ts(981,37): error TS2304: Cannot find name 'BaseLayer'.
src/layers/types/layer-types.ts(1010,3): error TS2687: All declarations of 'sloCompliance' must have identical modifiers.
src/layers/types/layer-types.ts(1010,3): error TS2717: Subsequent property declarations must have the same type.  Property 'sloCompliance' must be of type '{ targetResponseTime: number; currentP95: number; currentP99: number; complianceRate: number; violations: number; lastViolation?: string | undefined; }', but here has type '{ targetResponseTime: number; currentP95: number; currentP99: number; complianceRate: number; violations: number; lastViolation?: string | undefined; } | undefined'.
src/layers/utils/layer-utils.ts(181,21): error TS2345: Argument of type 'Promise<Map<string, any>>' is not assignable to parameter of type 'Promise<void>'.
  Type 'Map<string, any>' is not assignable to type 'void'.
src/layers/utils/layer-utils.ts(185,21): error TS2345: Argument of type 'Promise<Map<string, any>>' is not assignable to parameter of type 'Promise<void>'.
src/layers/utils/layer-utils.ts(189,21): error TS2345: Argument of type 'Promise<Map<string, any>>' is not assignable to parameter of type 'Promise<void>'.
src/layers/utils/layer-utils.ts(418,31): error TS2339: Property 'recordMetric' does not exist on type 'typeof LayerPerformanceMonitor'.
src/layers/utils/layer-ws-utilities.ts(46,52): error TS2769: No overload matches this call.
  Overload 1 of 2, '(value: any, replacer?: ((this: any, key: string, value: any) => any) | undefined, space?: string | number | undefined): string', gave the following error.
    Argument of type '(key: string, value: any, cache: WeakSet<object>) => any' is not assignable to parameter of type '(this: any, key: string, value: any) => any'.
  Overload 2 of 2, '(value: any, replacer?: (string | number)[] | null | undefined, space?: string | number | undefined): string', gave the following error.
    Argument of type '(key: string, value: any, cache: WeakSet<object>) => any' is not assignable to parameter of type '(string | number)[]'.
src/layers/utils/layer-ws-utilities.ts(46,81): error TS2683: 'this' implicitly has type 'any' because it does not have a type annotation.
src/utils/stateManager.ts(101,17): error TS2345: Argument of type '(string | number)[]' is not assignable to parameter of type 'string[]'.
  Type 'string | number' is not assignable to type 'string'.
    Type 'number' is not assignable to type 'string'.
src/utils/stateManager.ts(107,19): error TS2345: Argument of type '(string | number)[]' is not assignable to parameter of type 'string[]'.
src/utils/stateManager.ts(175,24): error TS2345: Argument of type '(string | number)[]' is not assignable to parameter of type 'string[]'.
